c:\dev\engines\openglsandbox\openglsandbox\openglsandbox\x64\debug\openglsandbox.pdb
c:\dev\engines\openglsandbox\openglsandbox\openglsandbox\x64\debug\openglsandbox.idb
c:\dev\engines\openglsandbox\openglsandbox\openglsandbox\x64\debug\time.obj
c:\dev\engines\openglsandbox\openglsandbox\openglsandbox\x64\debug\layerstack.obj
c:\dev\engines\openglsandbox\openglsandbox\openglsandbox\x64\debug\input.obj
c:\dev\engines\openglsandbox\openglsandbox\openglsandbox\x64\debug\application.obj
c:\dev\engines\openglsandbox\openglsandbox\openglsandbox\x64\debug\vertexbuffer.obj
c:\dev\engines\openglsandbox\openglsandbox\openglsandbox\x64\debug\vertexarray.obj
c:\dev\engines\openglsandbox\openglsandbox\openglsandbox\x64\debug\textureutils.obj
c:\dev\engines\openglsandbox\openglsandbox\openglsandbox\x64\debug\shaderstoragebuffer.obj
c:\dev\engines\openglsandbox\openglsandbox\openglsandbox\x64\debug\shader.obj
c:\dev\engines\openglsandbox\openglsandbox\openglsandbox\x64\debug\rendercommand.obj
c:\dev\engines\openglsandbox\openglsandbox\openglsandbox\x64\debug\indexbuffer.obj
c:\dev\engines\openglsandbox\openglsandbox\openglsandbox\x64\debug\mesh.obj
c:\dev\engines\openglsandbox\openglsandbox\openglsandbox\x64\debug\entitytransform.obj
c:\dev\engines\openglsandbox\openglsandbox\openglsandbox\x64\debug\entityrenderer.obj
c:\dev\engines\openglsandbox\openglsandbox\openglsandbox\x64\debug\camera.obj
c:\dev\engines\openglsandbox\openglsandbox\openglsandbox\x64\debug\random.obj
c:\dev\engines\openglsandbox\openglsandbox\openglsandbox\x64\debug\math.obj
c:\dev\engines\openglsandbox\openglsandbox\openglsandbox\x64\debug\entity.obj
c:\dev\engines\openglsandbox\openglsandbox\openglsandbox\x64\debug\stb_image.obj
c:\dev\engines\openglsandbox\openglsandbox\openglsandbox\x64\debug\window.obj
c:\dev\engines\openglsandbox\openglsandbox\openglsandbox\x64\debug\texture.obj
c:\dev\engines\openglsandbox\openglsandbox\openglsandbox\x64\debug\cubemap.obj
c:\dev\engines\openglsandbox\openglsandbox\openglsandbox\x64\debug\glad.obj
c:\dev\engines\openglsandbox\openglsandbox\x64\debug\openglsandbox.lib
c:\dev\engines\openglsandbox\openglsandbox\openglsandbox\x64\debug\openglsandbox.tlog\cl.command.1.tlog
c:\dev\engines\openglsandbox\openglsandbox\openglsandbox\x64\debug\openglsandbox.tlog\cl.read.1.tlog
c:\dev\engines\openglsandbox\openglsandbox\openglsandbox\x64\debug\openglsandbox.tlog\cl.write.1.tlog
c:\dev\engines\openglsandbox\openglsandbox\openglsandbox\x64\debug\openglsandbox.tlog\lib-link.read.1.tlog
c:\dev\engines\openglsandbox\openglsandbox\openglsandbox\x64\debug\openglsandbox.tlog\lib-link.write.1.tlog
c:\dev\engines\openglsandbox\openglsandbox\openglsandbox\x64\debug\openglsandbox.tlog\lib.command.1.tlog
