  Application.cpp
  Terrain.cpp
C:\dev\Engines\OpenGLSandbox\OpenGLSandbox\OpenGLSandbox\src\Engine\Experimental\Terrain.h(62,51): warning C4244: 'return': conversion from 'double' to 'uint32_t', possible loss of data
C:\dev\Engines\OpenGLSandbox\OpenGLSandbox\OpenGLSandbox\src\Engine\Experimental\Terrain.cpp(26,26): warning C4244: 'initializing': conversion from 'double' to 'uint32_t', possible loss of data
C:\dev\Engines\OpenGLSandbox\OpenGLSandbox\OpenGLSandbox\src\Engine\Experimental\Terrain.cpp(33,24): warning C4305: '=': truncation from 'int' to 'float'
C:\dev\Engines\OpenGLSandbox\OpenGLSandbox\OpenGLSandbox\src\Engine\Experimental\Terrain.cpp(80,27): warning C4244: 'initializing': conversion from 'float' to 'uint32_t', possible loss of data
C:\dev\Engines\OpenGLSandbox\OpenGLSandbox\OpenGLSandbox\src\Engine\Experimental\Terrain.cpp(82,24): warning C4305: '=': truncation from 'int' to 'float'
C:\dev\Engines\OpenGLSandbox\OpenGLSandbox\OpenGLSandbox\src\Engine\Experimental\Terrain.cpp(138,26): warning C4244: '=': conversion from 'double' to 'int', possible loss of data
C:\Program Files (x86)\Microsoft Visual Studio\2019\Community\VC\Tools\MSVC\14.26.28801\include\xmemory(204,33): warning C4244: 'argument': conversion from '_Ty' to 'uint32_t', possible loss of data
          with
          [
              _Ty=unsigned __int64
          ]
C:\Program Files (x86)\Microsoft Visual Studio\2019\Community\VC\Tools\MSVC\14.26.28801\include\memory(1489): message : see reference to function template instantiation 'void std::_Construct_in_place<_Ty,float(&)[2],unsigned __int64>(_Ty &,float (&)[2],unsigned __int64 &&) noexcept(false)' being compiled
          with
          [
              _Ty=Engine::ShaderStorageBuffer
          ]
C:\Program Files (x86)\Microsoft Visual Studio\2019\Community\VC\Tools\MSVC\14.26.28801\include\memory(1587): message : see reference to function template instantiation 'std::_Ref_count_obj2<_Ty>::_Ref_count_obj2<float(&)[2],unsigned __int64>(float (&)[2],unsigned __int64 &&)' being compiled
          with
          [
              _Ty=Engine::ShaderStorageBuffer
          ]
C:\Program Files (x86)\Microsoft Visual Studio\2019\Community\VC\Tools\MSVC\14.26.28801\include\memory(1588): message : see reference to function template instantiation 'std::_Ref_count_obj2<_Ty>::_Ref_count_obj2<float(&)[2],unsigned __int64>(float (&)[2],unsigned __int64 &&)' being compiled
          with
          [
              _Ty=Engine::ShaderStorageBuffer
          ]
C:\dev\Engines\OpenGLSandbox\OpenGLSandbox\OpenGLSandbox\src\Engine\Core\Memory.h(21): message : see reference to function template instantiation 'std::shared_ptr<Engine::ShaderStorageBuffer> std::make_shared<T,float(&)[2],_Ty>(float (&)[2],_Ty &&)' being compiled
          with
          [
              T=Engine::ShaderStorageBuffer,
              _Ty=unsigned __int64
          ]
C:\dev\Engines\OpenGLSandbox\OpenGLSandbox\OpenGLSandbox\src\Engine\Experimental\Terrain.cpp(35): message : see reference to function template instantiation 'std::shared_ptr<Engine::ShaderStorageBuffer> Engine::CreateRef<Engine::ShaderStorageBuffer,float(&)[2],unsigned __int64>(float (&)[2],unsigned __int64 &&)' being compiled
  BezierSurface.cpp
C:\dev\Engines\OpenGLSandbox\OpenGLSandbox\OpenGLSandbox\src\Engine\Rendering\Line.h(78,34): warning C4267: 'return': conversion from 'size_t' to 'uint32_t', possible loss of data
C:\dev\Engines\OpenGLSandbox\OpenGLSandbox\OpenGLSandbox\src\Engine\Rendering\Line.h(79,36): warning C4267: 'return': conversion from 'size_t' to 'uint32_t', possible loss of data
C:\dev\Engines\OpenGLSandbox\OpenGLSandbox\OpenGLSandbox\src\Engine\Rendering\BezierSurface.cpp(45,53): warning C4267: '=': conversion from 'size_t' to 'uint32_t', possible loss of data
C:\dev\Engines\OpenGLSandbox\OpenGLSandbox\OpenGLSandbox\src\Engine\Rendering\BezierSurface.cpp(216,96): warning C4267: 'initializing': conversion from 'size_t' to 'uint32_t', possible loss of data
C:\dev\Engines\OpenGLSandbox\OpenGLSandbox\OpenGLSandbox\src\Engine\Rendering\BezierSurface.cpp(333,13): warning C4244: 'return': conversion from 'double' to 'float', possible loss of data
C:\dev\Engines\OpenGLSandbox\OpenGLSandbox\OpenGLSandbox\src\Engine\Rendering\BezierSurface.cpp(338,11): warning C4244: 'initializing': conversion from 'double' to 'float', possible loss of data
C:\dev\Engines\OpenGLSandbox\OpenGLSandbox\OpenGLSandbox\src\Engine\Rendering\BezierSurface.cpp(339,37): warning C4244: '+=': conversion from 'double' to 'float', possible loss of data
C:\dev\Engines\OpenGLSandbox\OpenGLSandbox\OpenGLSandbox\src\Engine\Rendering\BezierSurface.cpp(340,35): warning C4244: '+=': conversion from 'double' to 'float', possible loss of data
C:\dev\Engines\OpenGLSandbox\OpenGLSandbox\OpenGLSandbox\src\Engine\Rendering\BezierSurface.cpp(342,12): warning C4244: 'return': conversion from 'double' to 'float', possible loss of data
  Camera.cpp
C:\dev\Engines\OpenGLSandbox\OpenGLSandbox\OpenGLSandbox\src\Engine\Rendering\Camera.cpp(331,19): warning C4244: 'initializing': conversion from 'double' to 'float', possible loss of data
C:\dev\Engines\OpenGLSandbox\OpenGLSandbox\OpenGLSandbox\src\Engine\Rendering\Camera.cpp(332,19): warning C4244: 'initializing': conversion from 'double' to 'float', possible loss of data
  EditorGrid.cpp
C:\Program Files (x86)\Microsoft Visual Studio\2019\Community\VC\Tools\MSVC\14.26.28801\include\xmemory(202,109): warning C4267: 'argument': conversion from 'size_t' to 'uint32_t', possible loss of data
C:\Program Files (x86)\Microsoft Visual Studio\2019\Community\VC\Tools\MSVC\14.26.28801\include\memory(1489): message : see reference to function template instantiation 'void std::_Construct_in_place<_Ty,float*&,unsigned __int64>(_Ty &,float *&,unsigned __int64 &&) noexcept(false)' being compiled
          with
          [
              _Ty=Engine::VertexBuffer
          ]
C:\Program Files (x86)\Microsoft Visual Studio\2019\Community\VC\Tools\MSVC\14.26.28801\include\memory(1587): message : see reference to function template instantiation 'std::_Ref_count_obj2<_Ty>::_Ref_count_obj2<float*&,unsigned __int64>(float *&,unsigned __int64 &&)' being compiled
          with
          [
              _Ty=Engine::VertexBuffer
          ]
C:\Program Files (x86)\Microsoft Visual Studio\2019\Community\VC\Tools\MSVC\14.26.28801\include\memory(1588): message : see reference to function template instantiation 'std::_Ref_count_obj2<_Ty>::_Ref_count_obj2<float*&,unsigned __int64>(float *&,unsigned __int64 &&)' being compiled
          with
          [
              _Ty=Engine::VertexBuffer
          ]
C:\dev\Engines\OpenGLSandbox\OpenGLSandbox\OpenGLSandbox\src\Engine\Core\Memory.h(21): message : see reference to function template instantiation 'std::shared_ptr<Engine::VertexBuffer> std::make_shared<T,float*&,_Ty>(float *&,_Ty &&)' being compiled
          with
          [
              T=Engine::VertexBuffer,
              _Ty=size_t
          ]
C:\dev\Engines\OpenGLSandbox\OpenGLSandbox\OpenGLSandbox\src\Engine\Rendering\EditorGrid.cpp(22): message : see reference to function template instantiation 'std::shared_ptr<Engine::VertexBuffer> Engine::CreateRef<Engine::VertexBuffer,float*&,size_t>(float *&,size_t &&)' being compiled
  Framebuffer.cpp
C:\dev\Engines\OpenGLSandbox\OpenGLSandbox\OpenGLSandbox\src\Engine\Rendering\Framebuffer.cpp(90,77): warning C4267: 'argument': conversion from 'size_t' to 'GLsizei', possible loss of data
C:\dev\Engines\OpenGLSandbox\OpenGLSandbox\OpenGLSandbox\src\Engine\Rendering\Framebuffer.cpp(104,92): warning C4267: 'argument': conversion from 'size_t' to 'GLsizei', possible loss of data
C:\dev\Engines\OpenGLSandbox\OpenGLSandbox\OpenGLSandbox\src\Engine\Rendering\Framebuffer.cpp(114,135): warning C4267: 'argument': conversion from 'size_t' to 'uint32_t', possible loss of data
C:\dev\Engines\OpenGLSandbox\OpenGLSandbox\OpenGLSandbox\src\Engine\Rendering\Framebuffer.cpp(119,130): warning C4267: 'argument': conversion from 'size_t' to 'uint32_t', possible loss of data
C:\dev\Engines\OpenGLSandbox\OpenGLSandbox\OpenGLSandbox\src\Engine\Rendering\Framebuffer.cpp(124,132): warning C4267: 'argument': conversion from 'size_t' to 'uint32_t', possible loss of data
C:\dev\Engines\OpenGLSandbox\OpenGLSandbox\OpenGLSandbox\src\Engine\Rendering\Framebuffer.cpp(142,54): warning C4267: 'argument': conversion from 'size_t' to 'GLsizei', possible loss of data
  Renderer.cpp
C:\Program Files (x86)\Microsoft Visual Studio\2019\Community\VC\Tools\MSVC\14.26.28801\include\xmemory(202,109): warning C4267: 'argument': conversion from 'size_t' to 'uint32_t', possible loss of data
C:\Program Files (x86)\Microsoft Visual Studio\2019\Community\VC\Tools\MSVC\14.26.28801\include\memory(1489): message : see reference to function template instantiation 'void std::_Construct_in_place<_Ty,unsigned __int64,int>(_Ty &,unsigned __int64 &&,int &&) noexcept(false)' being compiled
          with
          [
              _Ty=Engine::UniformBuffer
          ]
C:\Program Files (x86)\Microsoft Visual Studio\2019\Community\VC\Tools\MSVC\14.26.28801\include\memory(1587): message : see reference to function template instantiation 'std::_Ref_count_obj2<_Ty>::_Ref_count_obj2<unsigned __int64,int>(unsigned __int64 &&,int &&)' being compiled
          with
          [
              _Ty=Engine::UniformBuffer
          ]
C:\Program Files (x86)\Microsoft Visual Studio\2019\Community\VC\Tools\MSVC\14.26.28801\include\memory(1588): message : see reference to function template instantiation 'std::_Ref_count_obj2<_Ty>::_Ref_count_obj2<unsigned __int64,int>(unsigned __int64 &&,int &&)' being compiled
          with
          [
              _Ty=Engine::UniformBuffer
          ]
C:\dev\Engines\OpenGLSandbox\OpenGLSandbox\OpenGLSandbox\src\Engine\Core\Memory.h(21): message : see reference to function template instantiation 'std::shared_ptr<Engine::UniformBuffer> std::make_shared<T,_Ty,int>(_Ty &&,int &&)' being compiled
          with
          [
              T=Engine::UniformBuffer,
              _Ty=size_t
          ]
C:\dev\Engines\OpenGLSandbox\OpenGLSandbox\OpenGLSandbox\src\Engine\Rendering\Renderer.cpp(56): message : see reference to function template instantiation 'std::shared_ptr<Engine::UniformBuffer> Engine::CreateRef<Engine::UniformBuffer,size_t,int>(size_t &&,int &&)' being compiled
  SceneRenderer.cpp
C:\Program Files (x86)\Microsoft Visual Studio\2019\Community\VC\Tools\MSVC\14.26.28801\include\xmemory(202,109): warning C4267: 'argument': conversion from 'size_t' to 'uint32_t', possible loss of data
C:\Program Files (x86)\Microsoft Visual Studio\2019\Community\VC\Tools\MSVC\14.26.28801\include\memory(1489): message : see reference to function template instantiation 'void std::_Construct_in_place<_Ty,unsigned __int64,const uint32_t&>(_Ty &,unsigned __int64 &&,const uint32_t &) noexcept(false)' being compiled
          with
          [
              _Ty=Engine::UniformBuffer
          ]
C:\Program Files (x86)\Microsoft Visual Studio\2019\Community\VC\Tools\MSVC\14.26.28801\include\memory(1587): message : see reference to function template instantiation 'std::_Ref_count_obj2<_Ty>::_Ref_count_obj2<unsigned __int64,const uint32_t&>(unsigned __int64 &&,const uint32_t &)' being compiled
          with
          [
              _Ty=Engine::UniformBuffer
          ]
C:\Program Files (x86)\Microsoft Visual Studio\2019\Community\VC\Tools\MSVC\14.26.28801\include\memory(1588): message : see reference to function template instantiation 'std::_Ref_count_obj2<_Ty>::_Ref_count_obj2<unsigned __int64,const uint32_t&>(unsigned __int64 &&,const uint32_t &)' being compiled
          with
          [
              _Ty=Engine::UniformBuffer
          ]
C:\dev\Engines\OpenGLSandbox\OpenGLSandbox\OpenGLSandbox\src\Engine\Core\Memory.h(21): message : see reference to function template instantiation 'std::shared_ptr<Engine::UniformBuffer> std::make_shared<T,_Ty,const uint32_t&>(_Ty &&,const uint32_t &)' being compiled
          with
          [
              T=Engine::UniformBuffer,
              _Ty=size_t
          ]
C:\dev\Engines\OpenGLSandbox\OpenGLSandbox\OpenGLSandbox\src\Engine\Rendering\SceneRenderer.cpp(52): message : see reference to function template instantiation 'std::shared_ptr<Engine::UniformBuffer> Engine::CreateRef<Engine::UniformBuffer,size_t,const uint32_t&>(size_t &&,const uint32_t &)' being compiled
  Entity.cpp
  Scene.cpp
  Generating Code...
ImGuiBuild.obj : warning LNK4006: imgl3wProcs already defined in imgui_impl_opengl3.obj; second definition ignored
imgui_impl_opengl3.obj : warning LNK4006: "bool __cdecl ImGui_ImplOpenGL3_Init(char const *)" (?ImGui_ImplOpenGL3_Init@@YA_NPEBD@Z) already defined in imgui_impl_opengl3.obj; second definition ignored
imgui_impl_opengl3.obj : warning LNK4006: "void __cdecl ImGui_ImplOpenGL3_Shutdown(void)" (?ImGui_ImplOpenGL3_Shutdown@@YAXXZ) already defined in imgui_impl_opengl3.obj; second definition ignored
imgui_impl_opengl3.obj : warning LNK4006: "void __cdecl ImGui_ImplOpenGL3_NewFrame(void)" (?ImGui_ImplOpenGL3_NewFrame@@YAXXZ) already defined in imgui_impl_opengl3.obj; second definition ignored
imgui_impl_opengl3.obj : warning LNK4006: "void __cdecl ImGui_ImplOpenGL3_RenderDrawData(struct ImDrawData *)" (?ImGui_ImplOpenGL3_RenderDrawData@@YAXPEAUImDrawData@@@Z) already defined in imgui_impl_opengl3.obj; second definition ignored
imgui_impl_opengl3.obj : warning LNK4006: "bool __cdecl ImGui_ImplOpenGL3_CreateFontsTexture(void)" (?ImGui_ImplOpenGL3_CreateFontsTexture@@YA_NXZ) already defined in imgui_impl_opengl3.obj; second definition ignored
imgui_impl_opengl3.obj : warning LNK4006: "void __cdecl ImGui_ImplOpenGL3_DestroyFontsTexture(void)" (?ImGui_ImplOpenGL3_DestroyFontsTexture@@YAXXZ) already defined in imgui_impl_opengl3.obj; second definition ignored
imgui_impl_opengl3.obj : warning LNK4006: "bool __cdecl ImGui_ImplOpenGL3_CreateDeviceObjects(void)" (?ImGui_ImplOpenGL3_CreateDeviceObjects@@YA_NXZ) already defined in imgui_impl_opengl3.obj; second definition ignored
imgui_impl_opengl3.obj : warning LNK4006: "void __cdecl ImGui_ImplOpenGL3_DestroyDeviceObjects(void)" (?ImGui_ImplOpenGL3_DestroyDeviceObjects@@YAXXZ) already defined in imgui_impl_opengl3.obj; second definition ignored
imgui_impl_opengl3.obj : warning LNK4006: imgl3wInit already defined in imgui_impl_opengl3.obj; second definition ignored
imgui_impl_opengl3.obj : warning LNK4006: imgl3wInit2 already defined in imgui_impl_opengl3.obj; second definition ignored
imgui_impl_opengl3.obj : warning LNK4006: imgl3wIsSupported already defined in imgui_impl_opengl3.obj; second definition ignored
imgui_impl_opengl3.obj : warning LNK4006: imgl3wGetProcAddress already defined in imgui_impl_opengl3.obj; second definition ignored
imgui_impl_glfw.obj : warning LNK4006: "bool __cdecl ImGui_ImplGlfw_InitForOpenGL(struct GLFWwindow *,bool)" (?ImGui_ImplGlfw_InitForOpenGL@@YA_NPEAUGLFWwindow@@_N@Z) already defined in imgui_impl_glfw.obj; second definition ignored
imgui_impl_glfw.obj : warning LNK4006: "bool __cdecl ImGui_ImplGlfw_InitForVulkan(struct GLFWwindow *,bool)" (?ImGui_ImplGlfw_InitForVulkan@@YA_NPEAUGLFWwindow@@_N@Z) already defined in imgui_impl_glfw.obj; second definition ignored
imgui_impl_glfw.obj : warning LNK4006: "bool __cdecl ImGui_ImplGlfw_InitForOther(struct GLFWwindow *,bool)" (?ImGui_ImplGlfw_InitForOther@@YA_NPEAUGLFWwindow@@_N@Z) already defined in imgui_impl_glfw.obj; second definition ignored
imgui_impl_glfw.obj : warning LNK4006: "void __cdecl ImGui_ImplGlfw_Shutdown(void)" (?ImGui_ImplGlfw_Shutdown@@YAXXZ) already defined in imgui_impl_glfw.obj; second definition ignored
imgui_impl_glfw.obj : warning LNK4006: "void __cdecl ImGui_ImplGlfw_NewFrame(void)" (?ImGui_ImplGlfw_NewFrame@@YAXXZ) already defined in imgui_impl_glfw.obj; second definition ignored
imgui_impl_glfw.obj : warning LNK4006: "void __cdecl ImGui_ImplGlfw_WindowFocusCallback(struct GLFWwindow *,int)" (?ImGui_ImplGlfw_WindowFocusCallback@@YAXPEAUGLFWwindow@@H@Z) already defined in imgui_impl_glfw.obj; second definition ignored
imgui_impl_glfw.obj : warning LNK4006: "void __cdecl ImGui_ImplGlfw_CursorEnterCallback(struct GLFWwindow *,int)" (?ImGui_ImplGlfw_CursorEnterCallback@@YAXPEAUGLFWwindow@@H@Z) already defined in imgui_impl_glfw.obj; second definition ignored
imgui_impl_glfw.obj : warning LNK4006: "void __cdecl ImGui_ImplGlfw_MouseButtonCallback(struct GLFWwindow *,int,int,int)" (?ImGui_ImplGlfw_MouseButtonCallback@@YAXPEAUGLFWwindow@@HHH@Z) already defined in imgui_impl_glfw.obj; second definition ignored
imgui_impl_glfw.obj : warning LNK4006: "void __cdecl ImGui_ImplGlfw_ScrollCallback(struct GLFWwindow *,double,double)" (?ImGui_ImplGlfw_ScrollCallback@@YAXPEAUGLFWwindow@@NN@Z) already defined in imgui_impl_glfw.obj; second definition ignored
imgui_impl_glfw.obj : warning LNK4006: "void __cdecl ImGui_ImplGlfw_KeyCallback(struct GLFWwindow *,int,int,int,int)" (?ImGui_ImplGlfw_KeyCallback@@YAXPEAUGLFWwindow@@HHHH@Z) already defined in imgui_impl_glfw.obj; second definition ignored
imgui_impl_glfw.obj : warning LNK4006: "void __cdecl ImGui_ImplGlfw_CharCallback(struct GLFWwindow *,unsigned int)" (?ImGui_ImplGlfw_CharCallback@@YAXPEAUGLFWwindow@@I@Z) already defined in imgui_impl_glfw.obj; second definition ignored
imgui_impl_glfw.obj : warning LNK4006: "void __cdecl ImGui_ImplGlfw_MonitorCallback(struct GLFWmonitor *,int)" (?ImGui_ImplGlfw_MonitorCallback@@YAXPEAUGLFWmonitor@@H@Z) already defined in imgui_impl_glfw.obj; second definition ignored
  OpenGLSandbox.vcxproj -> C:\dev\Engines\OpenGLSandbox\OpenGLSandbox\x64\Debug\OpenGLSandbox.lib
