  CloudsLayer.cpp
C:\dev\Engines\OpenGLSandbox\OpenGLSandbox\OpenGLSandbox\src\Engine\Core\Buffer.h(49,3): warning C4002: too many arguments for function-like macro invocation 'assert'
C:\dev\Engines\OpenGLSandbox\OpenGLSandbox\OpenGLSandbox\src\Engine\Rendering\Line.h(78,34): warning C4267: 'return': conversion from 'size_t' to 'uint32_t', possible loss of data
C:\dev\Engines\OpenGLSandbox\OpenGLSandbox\OpenGLSandbox\src\Engine\Rendering\Line.h(79,36): warning C4267: 'return': conversion from 'size_t' to 'uint32_t', possible loss of data
C:\dev\Engines\OpenGLSandbox\OpenGLSandbox\OpenGLSandbox\src\Engine\Experimental\Terrain.h(61,51): warning C4244: 'return': conversion from 'double' to 'uint32_t', possible loss of data
  CloudDataStructures.cpp
C:\dev\Engines\OpenGLSandbox\OpenGLSandbox\Sandbox\src\Layers\410\CloudsUtility\CloudDataStructures.cpp(14,50): warning C4244: '=': conversion from 'float' to 'T', possible loss of data
          with
          [
              T=int
          ]
C:\dev\Engines\OpenGLSandbox\OpenGLSandbox\Sandbox\src\Layers\410\CloudsUtility\CloudDataStructures.cpp(15,50): warning C4244: '=': conversion from 'float' to 'T', possible loss of data
          with
          [
              T=int
          ]
C:\dev\Engines\OpenGLSandbox\OpenGLSandbox\Sandbox\src\Layers\410\CloudsUtility\CloudDataStructures.cpp(16,50): warning C4244: '=': conversion from 'float' to 'T', possible loss of data
          with
          [
              T=int
          ]
C:\dev\Engines\OpenGLSandbox\OpenGLSandbox\Sandbox\src\Layers\410\CloudsUtility\CloudDataStructures.cpp(54,24): warning C4244: 'initializing': conversion from 'float' to 'uint32_t', possible loss of data
C:\dev\Engines\OpenGLSandbox\OpenGLSandbox\Sandbox\src\Layers\410\CloudsUtility\CloudDataStructures.cpp(70,24): warning C4244: 'initializing': conversion from 'float' to 'uint32_t', possible loss of data
C:\dev\Engines\OpenGLSandbox\OpenGLSandbox\Sandbox\src\Layers\410\CloudsUtility\CloudDataStructures.cpp(80,44): warning C4244: '=': conversion from 'float' to 'T', possible loss of data
          with
          [
              T=int
          ]
C:\dev\Engines\OpenGLSandbox\OpenGLSandbox\Sandbox\src\Layers\410\CloudsUtility\CloudDataStructures.cpp(81,44): warning C4244: '=': conversion from 'float' to 'T', possible loss of data
          with
          [
              T=int
          ]
C:\dev\Engines\OpenGLSandbox\OpenGLSandbox\Sandbox\src\Layers\410\CloudsUtility\CloudDataStructures.cpp(82,44): warning C4244: '=': conversion from 'float' to 'T', possible loss of data
          with
          [
              T=int
          ]
C:\dev\Engines\OpenGLSandbox\OpenGLSandbox\Sandbox\src\Layers\410\CloudsUtility\CloudDataStructures.cpp(161,114): warning C4267: 'argument': conversion from 'size_t' to 'uint32_t', possible loss of data
C:\dev\Engines\OpenGLSandbox\OpenGLSandbox\Sandbox\src\Layers\410\CloudsUtility\CloudDataStructures.cpp(166,24): warning C4244: 'initializing': conversion from 'float' to 'uint32_t', possible loss of data
C:\dev\Engines\OpenGLSandbox\OpenGLSandbox\Sandbox\src\Layers\410\CloudsUtility\CloudDataStructures.cpp(202,24): warning C4244: 'initializing': conversion from 'float' to 'uint32_t', possible loss of data
C:\dev\Engines\OpenGLSandbox\OpenGLSandbox\Sandbox\src\Layers\410\CloudsUtility\CloudDataStructures.cpp(217,24): warning C4244: 'initializing': conversion from 'float' to 'uint32_t', possible loss of data
C:\dev\Engines\OpenGLSandbox\OpenGLSandbox\Sandbox\src\Layers\410\CloudsUtility\CloudDataStructures.cpp(246,24): warning C4244: 'initializing': conversion from 'float' to 'uint32_t', possible loss of data
C:\Program Files (x86)\Microsoft Visual Studio\2019\Community\VC\Tools\MSVC\14.26.28801\include\xmemory(202,109): warning C4267: 'argument': conversion from 'size_t' to 'uint32_t', possible loss of data
C:\Program Files (x86)\Microsoft Visual Studio\2019\Community\VC\Tools\MSVC\14.26.28801\include\memory(1489): message : see reference to function template instantiation 'void std::_Construct_in_place<_Ty,glm::vec<4,float,glm::packed_highp>*,unsigned __int64>(_Ty &,glm::vec<4,float,glm::packed_highp> *&&,unsigned __int64 &&) noexcept(false)' being compiled
          with
          [
              _Ty=Engine::ShaderStorageBuffer
          ]
C:\Program Files (x86)\Microsoft Visual Studio\2019\Community\VC\Tools\MSVC\14.26.28801\include\memory(1587): message : see reference to function template instantiation 'std::_Ref_count_obj2<_Ty>::_Ref_count_obj2<glm::vec<4,float,glm::packed_highp>*,unsigned __int64>(glm::vec<4,float,glm::packed_highp> *&&,unsigned __int64 &&)' being compiled
          with
          [
              _Ty=Engine::ShaderStorageBuffer
          ]
C:\Program Files (x86)\Microsoft Visual Studio\2019\Community\VC\Tools\MSVC\14.26.28801\include\memory(1588): message : see reference to function template instantiation 'std::_Ref_count_obj2<_Ty>::_Ref_count_obj2<glm::vec<4,float,glm::packed_highp>*,unsigned __int64>(glm::vec<4,float,glm::packed_highp> *&&,unsigned __int64 &&)' being compiled
          with
          [
              _Ty=Engine::ShaderStorageBuffer
          ]
C:\dev\Engines\OpenGLSandbox\OpenGLSandbox\OpenGLSandbox\src\Engine\Core\Memory.h(21): message : see reference to function template instantiation 'std::shared_ptr<Engine::ShaderStorageBuffer> std::make_shared<T,_Ty,unsigned __int64>(_Ty &&,unsigned __int64 &&)' being compiled
          with
          [
              T=Engine::ShaderStorageBuffer,
              _Ty=glm::vec4 *
          ]
C:\dev\Engines\OpenGLSandbox\OpenGLSandbox\Sandbox\src\Layers\410\CloudsUtility\CloudDataStructures.cpp(20): message : see reference to function template instantiation 'std::shared_ptr<Engine::ShaderStorageBuffer> Engine::CreateRef<Engine::ShaderStorageBuffer,_Ty*,size_t>(_Ty *&&,size_t &&)' being compiled
          with
          [
              _Ty=glm::vec4
          ]
  CloudsCompositePass.cpp
C:\dev\Engines\OpenGLSandbox\OpenGLSandbox\OpenGLSandbox\src\Engine\Experimental\Terrain.h(61,51): warning C4244: 'return': conversion from 'double' to 'uint32_t', possible loss of data
C:\dev\Engines\OpenGLSandbox\OpenGLSandbox\OpenGLSandbox\src\Engine\Core\Buffer.h(49,3): warning C4002: too many arguments for function-like macro invocation 'assert'
C:\dev\Engines\OpenGLSandbox\OpenGLSandbox\OpenGLSandbox\src\Engine\Rendering\Line.h(78,34): warning C4267: 'return': conversion from 'size_t' to 'uint32_t', possible loss of data
C:\dev\Engines\OpenGLSandbox\OpenGLSandbox\OpenGLSandbox\src\Engine\Rendering\Line.h(79,36): warning C4267: 'return': conversion from 'size_t' to 'uint32_t', possible loss of data
  CloudsUI.cpp
C:\dev\Engines\OpenGLSandbox\OpenGLSandbox\OpenGLSandbox\src\Engine\Core\Buffer.h(49,3): warning C4002: too many arguments for function-like macro invocation 'assert'
C:\dev\Engines\OpenGLSandbox\OpenGLSandbox\OpenGLSandbox\src\Engine\Rendering\Line.h(78,34): warning C4267: 'return': conversion from 'size_t' to 'uint32_t', possible loss of data
C:\dev\Engines\OpenGLSandbox\OpenGLSandbox\OpenGLSandbox\src\Engine\Rendering\Line.h(79,36): warning C4267: 'return': conversion from 'size_t' to 'uint32_t', possible loss of data
C:\dev\Engines\OpenGLSandbox\OpenGLSandbox\OpenGLSandbox\src\Engine\Experimental\Terrain.h(61,51): warning C4244: 'return': conversion from 'double' to 'uint32_t', possible loss of data
C:\dev\Engines\OpenGLSandbox\OpenGLSandbox\Sandbox\src\Layers\410\CloudsUtility\CloudsUI.cpp(115,83): warning C4244: '=': conversion from 'double' to 'T', possible loss of data
          with
          [
              T=float
          ]
C:\dev\Engines\OpenGLSandbox\OpenGLSandbox\Sandbox\src\Layers\410\CloudsUtility\CloudsUI.cpp(129,105): warning C4305: 'argument': truncation from 'double' to 'float'
C:\dev\Engines\OpenGLSandbox\OpenGLSandbox\Sandbox\src\Layers\410\CloudsUtility\CloudsUI.cpp(131,93): warning C4305: 'argument': truncation from 'double' to 'float'
C:\dev\Engines\OpenGLSandbox\OpenGLSandbox\Sandbox\src\Layers\410\CloudsUtility\CloudsUI.cpp(184,106): warning C4305: 'argument': truncation from 'double' to 'float'
C:\dev\Engines\OpenGLSandbox\OpenGLSandbox\Sandbox\src\Layers\410\CloudsUtility\CloudsUI.cpp(186,94): warning C4305: 'argument': truncation from 'double' to 'float'
C:\dev\Engines\OpenGLSandbox\OpenGLSandbox\Sandbox\src\Layers\410\CloudsUtility\CloudsUI.cpp(205,120): warning C4305: 'argument': truncation from 'double' to 'float'
C:\dev\Engines\OpenGLSandbox\OpenGLSandbox\Sandbox\src\Layers\410\CloudsUtility\CloudsUI.cpp(244,110): warning C4305: 'argument': truncation from 'double' to 'float'
C:\dev\Engines\OpenGLSandbox\OpenGLSandbox\Sandbox\src\Layers\410\CloudsUtility\CloudsUI.cpp(248,93): warning C4305: 'argument': truncation from 'double' to 'float'
C:\dev\Engines\OpenGLSandbox\OpenGLSandbox\Sandbox\src\Layers\410\CloudsUtility\CloudsUI.cpp(258,93): warning C4305: 'argument': truncation from 'double' to 'float'
C:\dev\Engines\OpenGLSandbox\OpenGLSandbox\Sandbox\src\Layers\410\CloudsUtility\CloudsUI.cpp(259,87): warning C4305: 'argument': truncation from 'double' to 'float'
C:\dev\Engines\OpenGLSandbox\OpenGLSandbox\Sandbox\src\Layers\410\CloudsUtility\CloudsUI.cpp(260,97): warning C4305: 'argument': truncation from 'double' to 'float'
C:\dev\Engines\OpenGLSandbox\OpenGLSandbox\Sandbox\src\Layers\410\CloudsUtility\CloudsUI.cpp(263,5): warning C4305: 'argument': truncation from 'double' to 'float'
C:\dev\Engines\OpenGLSandbox\OpenGLSandbox\Sandbox\src\Layers\410\CloudsUtility\CloudsUI.cpp(265,5): warning C4305: 'argument': truncation from 'double' to 'float'
C:\dev\Engines\OpenGLSandbox\OpenGLSandbox\Sandbox\src\Layers\410\CloudsUtility\CloudsUI.cpp(269,77): warning C4305: 'argument': truncation from 'double' to 'float'
C:\dev\Engines\OpenGLSandbox\OpenGLSandbox\Sandbox\src\Layers\410\CloudsUtility\CloudsUI.cpp(270,69): warning C4305: 'argument': truncation from 'double' to 'float'
C:\dev\Engines\OpenGLSandbox\OpenGLSandbox\Sandbox\src\Layers\410\CloudsUtility\CloudsUI.cpp(274,86): warning C4305: 'argument': truncation from 'double' to 'float'
C:\dev\Engines\OpenGLSandbox\OpenGLSandbox\Sandbox\src\Layers\410\CloudsUtility\CloudsUI.cpp(275,84): warning C4305: 'argument': truncation from 'double' to 'float'
C:\dev\Engines\OpenGLSandbox\OpenGLSandbox\Sandbox\src\Layers\410\CloudsUtility\CloudsUI.cpp(276,80): warning C4305: 'argument': truncation from 'double' to 'float'
C:\dev\Engines\OpenGLSandbox\OpenGLSandbox\Sandbox\src\Layers\410\CloudsUtility\CloudsUI.cpp(277,72): warning C4305: 'argument': truncation from 'double' to 'float'
C:\dev\Engines\OpenGLSandbox\OpenGLSandbox\Sandbox\src\Layers\410\CloudsUtility\CloudsUI.cpp(278,91): warning C4305: 'argument': truncation from 'double' to 'float'
C:\dev\Engines\OpenGLSandbox\OpenGLSandbox\Sandbox\src\Layers\410\CloudsUtility\CloudsUI.cpp(279,85): warning C4305: 'argument': truncation from 'double' to 'float'
C:\dev\Engines\OpenGLSandbox\OpenGLSandbox\Sandbox\src\Layers\410\CloudsUtility\CloudsUI.cpp(280,85): warning C4305: 'argument': truncation from 'double' to 'float'
C:\dev\Engines\OpenGLSandbox\OpenGLSandbox\Sandbox\src\Layers\410\CloudsUtility\CloudsUI.cpp(281,79): warning C4305: 'argument': truncation from 'double' to 'float'
C:\dev\Engines\OpenGLSandbox\OpenGLSandbox\Sandbox\src\Layers\410\CloudsUtility\CloudsUI.cpp(283,93): warning C4305: 'argument': truncation from 'double' to 'float'
C:\dev\Engines\OpenGLSandbox\OpenGLSandbox\Sandbox\src\Layers\410\CloudsUtility\CloudsUI.cpp(284,71): warning C4305: 'argument': truncation from 'double' to 'float'
C:\dev\Engines\OpenGLSandbox\OpenGLSandbox\Sandbox\src\Layers\410\CloudsUtility\CloudsUI.cpp(285,96): warning C4305: 'argument': truncation from 'double' to 'float'
C:\dev\Engines\OpenGLSandbox\OpenGLSandbox\Sandbox\src\Layers\410\CloudsUtility\CloudsUI.cpp(286,98): warning C4305: 'argument': truncation from 'double' to 'float'
C:\dev\Engines\OpenGLSandbox\OpenGLSandbox\Sandbox\src\Layers\410\CloudsUtility\CloudsUI.cpp(287,86): warning C4305: 'argument': truncation from 'double' to 'float'
C:\dev\Engines\OpenGLSandbox\OpenGLSandbox\Sandbox\src\Layers\410\CloudsUtility\CloudsUI.cpp(307,6): warning C4305: 'argument': truncation from 'double' to 'float'
C:\dev\Engines\OpenGLSandbox\OpenGLSandbox\Sandbox\src\Layers\410\CloudsUtility\CloudsUI.cpp(310,5): warning C4305: 'argument': truncation from 'double' to 'float'
C:\dev\Engines\OpenGLSandbox\OpenGLSandbox\Sandbox\src\Layers\410\CloudsUtility\CloudsUI.cpp(315,5): warning C4305: 'argument': truncation from 'double' to 'float'
C:\dev\Engines\OpenGLSandbox\OpenGLSandbox\Sandbox\src\Layers\410\CloudsUtility\CloudsUI.cpp(317,5): warning C4305: 'argument': truncation from 'double' to 'float'
C:\dev\Engines\OpenGLSandbox\OpenGLSandbox\Sandbox\src\Layers\410\CloudsUtility\CloudsUI.cpp(319,5): warning C4305: 'argument': truncation from 'double' to 'float'
C:\dev\Engines\OpenGLSandbox\OpenGLSandbox\Sandbox\src\Layers\410\CloudsUtility\CloudsUI.cpp(325,6): warning C4305: 'argument': truncation from 'double' to 'float'
C:\dev\Engines\OpenGLSandbox\OpenGLSandbox\Sandbox\src\Layers\410\CloudsUtility\CloudsUI.cpp(354,6): warning C4305: 'argument': truncation from 'double' to 'float'
C:\dev\Engines\OpenGLSandbox\OpenGLSandbox\Sandbox\src\Layers\410\CloudsUtility\CloudsUI.cpp(356,5): warning C4305: 'argument': truncation from 'double' to 'float'
C:\dev\Engines\OpenGLSandbox\OpenGLSandbox\Sandbox\src\Layers\410\CloudsUtility\CloudsUI.cpp(361,5): warning C4305: 'argument': truncation from 'double' to 'float'
C:\dev\Engines\OpenGLSandbox\OpenGLSandbox\Sandbox\src\Layers\410\CloudsUtility\CloudsUI.cpp(363,5): warning C4305: 'argument': truncation from 'double' to 'float'
C:\dev\Engines\OpenGLSandbox\OpenGLSandbox\Sandbox\src\Layers\410\CloudsUtility\CloudsUI.cpp(365,5): warning C4305: 'argument': truncation from 'double' to 'float'
C:\dev\Engines\OpenGLSandbox\OpenGLSandbox\Sandbox\src\Layers\410\CloudsUtility\CloudsUI.cpp(385,5): warning C4305: 'argument': truncation from 'double' to 'float'
C:\dev\Engines\OpenGLSandbox\OpenGLSandbox\Sandbox\src\Layers\410\CloudsUtility\CloudsUI.cpp(387,5): warning C4305: 'argument': truncation from 'double' to 'float'
C:\dev\Engines\OpenGLSandbox\OpenGLSandbox\Sandbox\src\Layers\410\CloudsUtility\CloudsUI.cpp(389,5): warning C4305: 'argument': truncation from 'double' to 'float'
C:\dev\Engines\OpenGLSandbox\OpenGLSandbox\Sandbox\src\Layers\410\CloudsUtility\CloudsUI.cpp(416,5): warning C4305: 'argument': truncation from 'double' to 'float'
C:\dev\Engines\OpenGLSandbox\OpenGLSandbox\Sandbox\src\Layers\410\CloudsUtility\CloudsUI.cpp(445,6): warning C4305: 'argument': truncation from 'double' to 'float'
C:\dev\Engines\OpenGLSandbox\OpenGLSandbox\Sandbox\src\Layers\410\CloudsUtility\CloudsUI.cpp(451,78): warning C4305: 'argument': truncation from 'double' to 'float'
C:\dev\Engines\OpenGLSandbox\OpenGLSandbox\Sandbox\src\Layers\410\CloudsUtility\CloudsUI.cpp(454,6): warning C4305: 'argument': truncation from 'double' to 'float'
C:\dev\Engines\OpenGLSandbox\OpenGLSandbox\Sandbox\src\Layers\410\CloudsUtility\CloudsUI.cpp(460,6): warning C4305: 'argument': truncation from 'double' to 'float'
C:\dev\Engines\OpenGLSandbox\OpenGLSandbox\Sandbox\src\Layers\410\CloudsUtility\CloudsUI.cpp(472,6): warning C4305: 'argument': truncation from 'double' to 'float'
C:\dev\Engines\OpenGLSandbox\OpenGLSandbox\Sandbox\src\Layers\410\CloudsUtility\CloudsUI.cpp(474,6): warning C4305: 'argument': truncation from 'double' to 'float'
C:\dev\Engines\OpenGLSandbox\OpenGLSandbox\Sandbox\src\Layers\410\CloudsUtility\CloudsUI.cpp(476,6): warning C4305: 'argument': truncation from 'double' to 'float'
C:\dev\Engines\OpenGLSandbox\OpenGLSandbox\Sandbox\src\Layers\410\CloudsUtility\CloudsUI.cpp(478,6): warning C4305: 'argument': truncation from 'double' to 'float'
C:\dev\Engines\OpenGLSandbox\OpenGLSandbox\Sandbox\src\Layers\410\CloudsUtility\CloudsUI.cpp(480,6): warning C4305: 'argument': truncation from 'double' to 'float'
C:\dev\Engines\OpenGLSandbox\OpenGLSandbox\Sandbox\src\Layers\410\CloudsUtility\CloudsUI.cpp(482,6): warning C4305: 'argument': truncation from 'double' to 'float'
  MainCloudRenderPass.cpp
C:\dev\Engines\OpenGLSandbox\OpenGLSandbox\OpenGLSandbox\src\Engine\Experimental\Terrain.h(61,51): warning C4244: 'return': conversion from 'double' to 'uint32_t', possible loss of data
C:\dev\Engines\OpenGLSandbox\OpenGLSandbox\OpenGLSandbox\src\Engine\Core\Buffer.h(49,3): warning C4002: too many arguments for function-like macro invocation 'assert'
C:\dev\Engines\OpenGLSandbox\OpenGLSandbox\OpenGLSandbox\src\Engine\Rendering\Line.h(78,34): warning C4267: 'return': conversion from 'size_t' to 'uint32_t', possible loss of data
C:\dev\Engines\OpenGLSandbox\OpenGLSandbox\OpenGLSandbox\src\Engine\Rendering\Line.h(79,36): warning C4267: 'return': conversion from 'size_t' to 'uint32_t', possible loss of data
  SandboxApplication.cpp
C:\dev\Engines\OpenGLSandbox\OpenGLSandbox\OpenGLSandbox\src\Engine\Core\Buffer.h(49,3): warning C4002: too many arguments for function-like macro invocation 'assert'
C:\dev\Engines\OpenGLSandbox\OpenGLSandbox\OpenGLSandbox\src\Engine\Rendering\Line.h(78,34): warning C4267: 'return': conversion from 'size_t' to 'uint32_t', possible loss of data
C:\dev\Engines\OpenGLSandbox\OpenGLSandbox\OpenGLSandbox\src\Engine\Rendering\Line.h(79,36): warning C4267: 'return': conversion from 'size_t' to 'uint32_t', possible loss of data
C:\dev\Engines\OpenGLSandbox\OpenGLSandbox\OpenGLSandbox\src\Engine\Experimental\Terrain.h(61,51): warning C4244: 'return': conversion from 'double' to 'uint32_t', possible loss of data
  Generating Code...
C:\dev\Engines\OpenGLSandbox\OpenGLSandbox\Sandbox\src\Layers\410\CloudsUtility\CloudsUI.cpp(28): warning C4172: returning address of local variable or temporary
C:\dev\Engines\OpenGLSandbox\OpenGLSandbox\Sandbox\src\Layers\410\CloudsUtility\CloudsUI.cpp(40): warning C4172: returning address of local variable or temporary
MSVCRTD.lib(initializers.obj) : warning LNK4098: defaultlib 'msvcrt.lib' conflicts with use of other libs; use /NODEFAULTLIB:library
  Sandbox.vcxproj -> C:\dev\Engines\OpenGLSandbox\OpenGLSandbox\x64\Debug\Sandbox.exe
