c:\dev\engines\openglsandbox\openglsandbox\sandbox\x64\debug\vc142.pdb
c:\dev\engines\openglsandbox\openglsandbox\sandbox\x64\debug\vc142.idb
c:\dev\engines\openglsandbox\openglsandbox\sandbox\x64\debug\sandboxapplication.obj
c:\dev\engines\openglsandbox\openglsandbox\sandbox\x64\debug\skyboxlayer.obj
c:\dev\engines\openglsandbox\openglsandbox\sandbox\x64\debug\toonshadinglayer.obj
c:\dev\engines\openglsandbox\openglsandbox\sandbox\x64\debug\shadowslayer.obj
c:\dev\engines\openglsandbox\openglsandbox\sandbox\x64\debug\shaderprojectlayer.obj
c:\dev\engines\openglsandbox\openglsandbox\sandbox\x64\debug\linelayer.obj
c:\dev\engines\openglsandbox\openglsandbox\sandbox\x64\debug\lightinglayer.obj
c:\dev\engines\openglsandbox\openglsandbox\sandbox\x64\debug\fractallayer.obj
c:\dev\engines\openglsandbox\openglsandbox\sandbox\x64\debug\cubemaplayer.obj
c:\dev\engines\openglsandbox\openglsandbox\sandbox\x64\debug\computetexturelayer.obj
c:\dev\engines\openglsandbox\openglsandbox\sandbox\x64\debug\computeparticlelayer.obj
c:\dev\engines\openglsandbox\openglsandbox\x64\debug\sandbox.ilk
c:\dev\engines\openglsandbox\openglsandbox\x64\debug\sandbox.exe
c:\dev\engines\openglsandbox\openglsandbox\x64\debug\sandbox.pdb
c:\dev\engines\openglsandbox\openglsandbox\sandbox\x64\debug\sandbox.tlog\cl.command.1.tlog
c:\dev\engines\openglsandbox\openglsandbox\sandbox\x64\debug\sandbox.tlog\cl.read.1.tlog
c:\dev\engines\openglsandbox\openglsandbox\sandbox\x64\debug\sandbox.tlog\cl.write.1.tlog
c:\dev\engines\openglsandbox\openglsandbox\sandbox\x64\debug\sandbox.tlog\link.command.1.tlog
c:\dev\engines\openglsandbox\openglsandbox\sandbox\x64\debug\sandbox.tlog\link.read.1.tlog
c:\dev\engines\openglsandbox\openglsandbox\sandbox\x64\debug\sandbox.tlog\link.write.1.tlog
